pixilang3/make/android_project/app/build/outputs/logs/manifest-merger-debug-report.txt
-- Merging decision tree log ---
manifest
ADDED from src/main/AndroidManifest.xml:2:1-43:12
	package
		ADDED from src/main/AndroidManifest.xml:3:5-34
		INJECTED from src/main/AndroidManifest.xml
		INJECTED from src/main/AndroidManifest.xml
	android:versionName
		ADDED from src/main/AndroidManifest.xml:5:5-30
		INJECTED from src/main/AndroidManifest.xml
		INJECTED from src/main/AndroidManifest.xml
	android:versionCode
		ADDED from src/main/AndroidManifest.xml:4:5-33
		INJECTED from src/main/AndroidManifest.xml
		INJECTED from src/main/AndroidManifest.xml
	xmlns:android
		ADDED from src/main/AndroidManifest.xml:2:11-69
	android:installLocation
		ADDED from src/main/AndroidManifest.xml:6:5-35
uses-sdk
ADDED from src/main/AndroidManifest.xml:8:5-43
MERGED from [android_project:alib:unspecified] AndroidManifest.xml:7:5-9:40
	android:targetSdkVersion
		INJECTED from src/main/AndroidManifest.xml
		INJECTED from src/main/AndroidManifest.xml
	android:minSdkVersion
		ADDED from src/main/AndroidManifest.xml:8:15-40
		INJECTED from src/main/AndroidManifest.xml
		INJECTED from src/main/AndroidManifest.xml
uses-feature#0x00020000
ADDED from src/main/AndroidManifest.xml:9:5-78
	android:glEsVersion
		ADDED from src/main/AndroidManifest.xml:9:19-51
	android:required
		ADDED from src/main/AndroidManifest.xml:9:52-75
uses-feature#android.hardware.screen.landscape
ADDED from src/main/AndroidManifest.xml:10:5-95
	android:required
		ADDED from src/main/AndroidManifest.xml:10:68-92
	android:name
		ADDED from src/main/AndroidManifest.xml:10:19-67
uses-feature#android.hardware.microphone
ADDED from src/main/AndroidManifest.xml:11:5-89
MERGED from [android_project:alib:unspecified] AndroidManifest.xml:11:5-13:36
	android:required
		ADDED from src/main/AndroidManifest.xml:11:62-86
	android:name
		ADDED from src/main/AndroidManifest.xml:11:19-61
uses-feature#android.hardware.audio.low_latency
ADDED from src/main/AndroidManifest.xml:12:5-96
MERGED from [android_project:alib:unspecified] AndroidManifest.xml:14:5-16:36
	android:required
		ADDED from src/main/AndroidManifest.xml:12:69-93
	android:name
		ADDED from src/main/AndroidManifest.xml:12:19-68
uses-feature#android.hardware.camera
ADDED from src/main/AndroidManifest.xml:13:2-81
	android:required
		ADDED from src/main/AndroidManifest.xml:13:55-79
	android:name
		ADDED from src/main/AndroidManifest.xml:13:16-54
uses-feature#android.hardware.camera.autofocus
ADDED from src/main/AndroidManifest.xml:14:5-94
	android:required
		ADDED from src/main/AndroidManifest.xml:14:68-92
	android:name
		ADDED from src/main/AndroidManifest.xml:14:19-67
uses-feature#android.hardware.camera.front
ADDED from src/main/AndroidManifest.xml:15:5-90
	android:required
		ADDED from src/main/AndroidManifest.xml:15:64-88
	android:name
		ADDED from src/main/AndroidManifest.xml:15:19-63
uses-feature#android.hardware.camera.front.autofocus
ADDED from src/main/AndroidManifest.xml:16:5-100
	android:required
		ADDED from src/main/AndroidManifest.xml:16:74-98
	android:name
		ADDED from src/main/AndroidManifest.xml:16:19-73
uses-permission#android.permission.WRITE_EXTERNAL_STORAGE
ADDED from src/main/AndroidManifest.xml:17:5-81
MERGED from [android_project:alib:unspecified] AndroidManifest.xml:18:5-81
	android:name
		ADDED from src/main/AndroidManifest.xml:17:22-78
uses-permission#android.permission.RECORD_AUDIO
ADDED from src/main/AndroidManifest.xml:18:5-71
MERGED from [android_project:alib:unspecified] AndroidManifest.xml:19:5-71
	android:name
		ADDED from src/main/AndroidManifest.xml:18:22-68
uses-permission#android.permission.WAKE_LOCK
ADDED from src/main/AndroidManifest.xml:19:5-68
MERGED from [android_project:alib:unspecified] AndroidManifest.xml:20:5-68
	android:name
		ADDED from src/main/AndroidManifest.xml:19:22-65
uses-permission#android.permission.CAMERA
ADDED from src/main/AndroidManifest.xml:20:5-64
	android:name
		ADDED from src/main/AndroidManifest.xml:20:22-62
application
ADDED from src/main/AndroidManifest.xml:22:5-41:19
	android:label
		ADDED from src/main/AndroidManifest.xml:24:9-41
	android:icon
		ADDED from src/main/AndroidManifest.xml:23:9-45
activity#nightradio.pixilang.MyNativeActivity
ADDED from src/main/AndroidManifest.xml:26:9-39:20
	android:screenOrientation
		ADDED from src/main/AndroidManifest.xml:30:13-50
	android:label
		ADDED from src/main/AndroidManifest.xml:27:13-45
	android:configChanges
		ADDED from src/main/AndroidManifest.xml:28:13-63
	android:theme
		ADDED from src/main/AndroidManifest.xml:29:13-71
	android:name
		ADDED from src/main/AndroidManifest.xml:26:19-51
meta-data#android.app.lib_name
ADDED from src/main/AndroidManifest.xml:32:13-85
	android:value
		ADDED from src/main/AndroidManifest.xml:32:60-82
	android:name
		ADDED from src/main/AndroidManifest.xml:32:24-59
intent-filter#android.intent.action.MAIN+android.intent.category.LAUNCHER
ADDED from src/main/AndroidManifest.xml:34:13-37:29
action#android.intent.action.MAIN
ADDED from src/main/AndroidManifest.xml:35:14-66
	android:name
		ADDED from src/main/AndroidManifest.xml:35:22-63
category#android.intent.category.LAUNCHER
ADDED from src/main/AndroidManifest.xml:36:14-74
	android:name
		ADDED from src/main/AndroidManifest.xml:36:24-71